Arguments: 
  C:\Program Files\nodejs\node.exe C:\Users\dinha\AppData\Roaming\npm\node_modules\yarn\bin\yarn.js add @babel/core @babel/preset-env @babel-preset-react

PATH: 
  C:\Windows\system32;C:\Windows;C:\Windows\System32\Wbem;C:\Windows\System32\WindowsPowerShell\v1.0\;C:\Windows\System32\OpenSSH\;D:\Settings\Git\cmd;C:\Program Files\nodejs\;D:\Settings\Java\jdk-12\bin;D:\Settings\Java\apache-maven-3.6.0\bin;C:\Program Files (x86)\Microsoft SQL Server\140\Tools\Binn\;C:\Program Files\Microsoft SQL Server\140\Tools\Binn\;C:\Program Files (x86)\Microsoft SQL Server\140\DTS\Binn\;C:\Program Files\Microsoft SQL Server\140\DTS\Binn\;C:\Program Files\Microsoft SQL Server\Client SDK\ODBC\130\Tools\Binn\;C:\Program Files (x86)\Microsoft SQL Server\Client SDK\ODBC\130\Tools\Binn\;C:\Program Files (x86)\Microsoft SQL Server\140\Tools\Binn\ManagementStudio\;C:\Program Files\dotnet\;C:\Program Files\Microsoft SQL Server\130\Tools\Binn\;C:\Program Files\SourceGear\Common\DiffMerge\;C:\Ruby26-x64\bin;C:\Users\dinha\AppData\Local\Microsoft\WindowsApps;C:\Users\dinha\AppData\Local\Programs\Microsoft VS Code\bin;C:\Users\dinha\AppData\Roaming\npm

Yarn version: 
  1.13.0

Node version: 
  10.15.0

Platform: 
  win32 x64

Trace: 
  Error: https://registry.yarnpkg.com/@babel-preset-react: Request "https://registry.yarnpkg.com/@babel-preset-react" returned a 405
      at Request.params.callback [as _callback] (C:\Users\dinha\AppData\Roaming\npm\node_modules\yarn\lib\cli.js:66264:18)
      at Request.self.callback (C:\Users\dinha\AppData\Roaming\npm\node_modules\yarn\lib\cli.js:129397:22)
      at Request.emit (events.js:182:13)
      at Request.<anonymous> (C:\Users\dinha\AppData\Roaming\npm\node_modules\yarn\lib\cli.js:130369:10)
      at Request.emit (events.js:182:13)
      at IncomingMessage.<anonymous> (C:\Users\dinha\AppData\Roaming\npm\node_modules\yarn\lib\cli.js:130291:12)
      at Object.onceWrapper (events.js:273:13)
      at IncomingMessage.emit (events.js:187:15)
      at endReadableNT (_stream_readable.js:1094:12)
      at process._tickCallback (internal/process/next_tick.js:63:19)

npm manifest: 
  {
    "name": "react-app-from-scratch",
    "version": "1.0.0",
    "description": "Build a react app from scratch",
    "main": "index.js",
    "repository": "https://github.com/anhdo95/react-app-from-scratch.git",
    "author": "anhdo <dinhanhdo95@gmail.com>",
    "license": "MIT"
  }

yarn manifest: 
  No manifest

Lockfile: 
  No lockfile
